<?xml version="1.0" encoding="UTF-8"?>
<!-- Generated by org.testng.reporters.JUnitXMLReporter -->
<testsuite ignored="0" hostname="HP-DESKTOP-743MV2T" failures="0" tests="3" name="Default test" time="30.365" errors="0" timestamp="01 Feb 2019 03:44:55 GMT">
  <testcase classname="maven.testng.CaseStudyNineTest" name="testLogin" time="6.562"/>
  <testcase classname="maven.testng.CaseStudyNineTest" name="testBrowseBlog" time="17.155"/>
  <testcase classname="maven.testng.CaseStudyNineTest" name="testLogout" time="6.619"/>
</testsuite> <!-- Default test -->
