<?xml version="1.0" encoding="UTF-8"?>
<testng-results ignored="0" total="3" passed="3" failed="0" skipped="0">
  <reporter-output>
  </reporter-output>
  <suite started-at="2019-02-01T03:44:25Z" name="Default suite" finished-at="2019-02-01T03:44:55Z" duration-ms="30365">
    <groups>
    </groups>
    <test started-at="2019-02-01T03:44:25Z" name="Default test" finished-at="2019-02-01T03:44:55Z" duration-ms="30365">
      <class name="maven.testng.CaseStudyNineTest">
        <test-method is-config="true" signature="beforeSuite()[pri:0, instance:maven.testng.CaseStudyNineTest@32b260fa]" started-at="2019-02-01T03:44:17Z" name="beforeSuite" finished-at="2019-02-01T03:44:25Z" duration-ms="7975" status="PASS">
          <reporter-output>
          </reporter-output>
        </test-method> <!-- beforeSuite -->
        <test-method signature="testLogin()[pri:0, instance:maven.testng.CaseStudyNineTest@32b260fa]" started-at="2019-02-01T03:44:25Z" name="testLogin" finished-at="2019-02-01T03:44:32Z" duration-ms="6562" status="PASS">
          <reporter-output>
          </reporter-output>
        </test-method> <!-- testLogin -->
        <test-method signature="testBrowseBlog()[pri:1, instance:maven.testng.CaseStudyNineTest@32b260fa]" started-at="2019-02-01T03:44:32Z" name="testBrowseBlog" finished-at="2019-02-01T03:44:49Z" duration-ms="17155" status="PASS">
          <reporter-output>
          </reporter-output>
        </test-method> <!-- testBrowseBlog -->
        <test-method signature="testLogout()[pri:2, instance:maven.testng.CaseStudyNineTest@32b260fa]" started-at="2019-02-01T03:44:49Z" name="testLogout" finished-at="2019-02-01T03:44:55Z" duration-ms="6619" status="PASS">
          <reporter-output>
          </reporter-output>
        </test-method> <!-- testLogout -->
        <test-method is-config="true" signature="afterSuite()[pri:0, instance:maven.testng.CaseStudyNineTest@32b260fa]" started-at="2019-02-01T03:44:55Z" name="afterSuite" finished-at="2019-02-01T03:44:56Z" duration-ms="734" status="PASS">
          <reporter-output>
          </reporter-output>
        </test-method> <!-- afterSuite -->
      </class> <!-- maven.testng.CaseStudyNineTest -->
    </test> <!-- Default test -->
  </suite> <!-- Default suite -->
</testng-results>
